2025-11-27 13:58:01.%f | [32mINFO[0m | NetEaseMusic.system  | setup_logging       :139  | 98154 | 131135082098816 | === ç½‘æ˜“äº‘éŸ³ä¹æ¡Œé¢ç‰ˆå¯åŠ¨ ===
2025-11-27 13:58:01.%f | [32mINFO[0m | NetEaseMusic.system  | setup_logging       :140  | 98154 | 131135082098816 | æ—¥å¿—ç³»ç»Ÿåˆå§‹åŒ–å®Œæˆï¼Œçº§åˆ«: INFO
2025-11-27 13:58:01.%f | [32mINFO[0m | NetEaseMusic.system  | setup_logging       :141  | 98154 | 131135082098816 | æ—¥å¿—ç›®å½•: /home/afro/heavenly_kingdom/do_for_fun/NetEase_Cloud_Music_Web/logs
2025-11-27 13:58:01.%f | [32mINFO[0m | NetEaseMusic.system  | setup_logging       :142  | 98154 | 131135082098816 | Pythonç‰ˆæœ¬: 3.12.3 (main, Nov  6 2025, 13:44:16) [GCC 13.3.0]
2025-11-27 13:58:01.%f | [32mINFO[0m | NetEaseMusic.system  | setup_logging       :143  | 98154 | 131135082098816 | å·¥ä½œç›®å½•: /home/afro/heavenly_kingdom/do_for_fun/NetEase_Cloud_Music_Web
2025-11-27 13:58:01.%f | [32mINFO[0m | NetEaseMusic.main    | main                :150  | 98154 | 131135082098816 | æ—¥å¿—ç³»ç»Ÿåˆå§‹åŒ–æˆåŠŸ
2025-11-27 13:58:01.%f | [32mINFO[0m | NetEaseMusic.main    | main                :162  | 98154 | 131135082098816 | åˆ›å»ºQApplicationå®ä¾‹
2025-11-27 13:58:01.%f | [32mINFO[0m | NetEaseMusic.main    | main                :170  | 98154 | 131135082098816 | æ­£åœ¨åˆ›å»ºä¸»çª—å£...
2025-11-27 13:58:01.%f | [32mINFO[0m | NetEaseMusic.window  | __init__            :25   | 98154 | 131135082098816 | æ­£åœ¨åˆå§‹åŒ–ä¸»çª—å£...
2025-11-27 13:58:01.%f | [32mINFO[0m | NetEaseMusic.login   | log_login_data_operation:184  | 98154 | 131135082098816 | ç™»å½•æ•°æ®æ“ä½œæˆåŠŸ: create_directory
2025-11-27 13:58:01.%f | [32mINFO[0m | NetEaseMusic.login   | log_login_data_operation:184  | 98154 | 131135082098816 | ç™»å½•æ•°æ®æ“ä½œæˆåŠŸ: set_persistent_storage
2025-11-27 13:58:01.%f | [32mINFO[0m | NetEaseMusic.window  | init_ui             :71   | 98154 | 131135082098816 | ç™»å½•æ•°æ®å­˜å‚¨è·¯å¾„: /home/afro/heavenly_kingdom/do_for_fun/NetEase_Cloud_Music_Web/login_data
2025-11-27 13:58:01.%f | [32mINFO[0m | NetEaseMusic.webview | log_webview_event   :200  | 98154 | 131135082098816 | WebViewäº‹ä»¶: load_url
2025-11-27 13:58:01.%f | [32mINFO[0m | NetEaseMusic.window  | __init__            :30   | 98154 | 131135082098816 | ä¸»çª—å£åˆå§‹åŒ–å®Œæˆ
2025-11-27 13:58:01.%f | [32mINFO[0m | NetEaseMusic.main    | main                :175  | 98154 | 131135082098816 | ä¸»çª—å£æ˜¾ç¤ºå®Œæˆ
2025-11-27 13:58:01.%f | [32mINFO[0m | NetEaseMusic.performance | log_startup_performance:175  | 98154 | 131135082098816 | åº”ç”¨å¯åŠ¨è€—æ—¶: 0.380ç§’
2025-11-27 13:58:01.%f | [32mINFO[0m | NetEaseMusic.main    | main                :181  | 98154 | 131135082098816 | å¼€å§‹è¿è¡Œåº”ç”¨ä¸»å¾ªç¯
2025-11-27 13:58:01.%f | [32mINFO[0m | NetEaseMusic.window  | on_load_started     :114  | 98154 | 131135082098816 | é¡µé¢å¼€å§‹åŠ è½½: https://music.163.com/st/webplayer
2025-11-27 13:58:01.%f | [32mINFO[0m | NetEaseMusic.webview | log_webview_event   :200  | 98154 | 131135082098816 | WebViewäº‹ä»¶: load_started
2025-11-27 13:58:03.%f | [32mINFO[0m | NetEaseMusic.window  | on_load_finished    :121  | 98154 | 131135082098816 | é¡µé¢åŠ è½½æˆåŠŸ: https://music.163.com/st/webplayer
2025-11-27 13:58:03.%f | [32mINFO[0m | NetEaseMusic.webview | log_webview_event   :200  | 98154 | 131135082098816 | WebViewäº‹ä»¶: load_finished
2025-11-27 13:58:03.%f | [32mINFO[0m | NetEaseMusic.window  | on_load_started     :114  | 98154 | 131135082098816 | é¡µé¢å¼€å§‹åŠ è½½: https://music.163.com/st/webplayer
2025-11-27 13:58:03.%f | [32mINFO[0m | NetEaseMusic.webview | log_webview_event   :200  | 98154 | 131135082098816 | WebViewäº‹ä»¶: load_started
2025-11-27 13:58:07.%f | [32mINFO[0m | NetEaseMusic.window  | on_load_finished    :121  | 98154 | 131135082098816 | é¡µé¢åŠ è½½æˆåŠŸ: https://music.163.com/#/login?targetUrl=https%3A%2F%2Fmusic.163.com%2Fst%2Fwebplayer
2025-11-27 13:58:07.%f | [32mINFO[0m | NetEaseMusic.webview | log_webview_event   :200  | 98154 | 131135082098816 | WebViewäº‹ä»¶: load_finished
2025-11-27 13:58:17.%f | [32mINFO[0m | NetEaseMusic.window  | on_load_started     :114  | 98154 | 131135082098816 | é¡µé¢å¼€å§‹åŠ è½½: https://music.163.com/#/login?targetUrl=https%3A%2F%2Fmusic.163.com%2Fst%2Fwebplayer
2025-11-27 13:58:17.%f | [32mINFO[0m | NetEaseMusic.webview | log_webview_event   :200  | 98154 | 131135082098816 | WebViewäº‹ä»¶: load_started
2025-11-27 13:58:18.%f | [32mINFO[0m | NetEaseMusic.window  | on_load_finished    :121  | 98154 | 131135082098816 | é¡µé¢åŠ è½½æˆåŠŸ: https://music.163.com/st/webplayer
2025-11-27 13:58:18.%f | [32mINFO[0m | NetEaseMusic.webview | log_webview_event   :200  | 98154 | 131135082098816 | WebViewäº‹ä»¶: load_finished
2025-11-27 13:59:04.%f | [32mINFO[0m | NetEaseMusic.system  | setup_logging       :139  | 98659 | 134430427639936 | === ç½‘æ˜“äº‘éŸ³ä¹æ¡Œé¢ç‰ˆå¯åŠ¨ ===
2025-11-27 13:59:04.%f | [32mINFO[0m | NetEaseMusic.system  | setup_logging       :140  | 98659 | 134430427639936 | æ—¥å¿—ç³»ç»Ÿåˆå§‹åŒ–å®Œæˆï¼Œçº§åˆ«: INFO
2025-11-27 13:59:04.%f | [32mINFO[0m | NetEaseMusic.system  | setup_logging       :141  | 98659 | 134430427639936 | æ—¥å¿—ç›®å½•: /home/afro/heavenly_kingdom/do_for_fun/NetEase_Cloud_Music_Web/logs
2025-11-27 13:59:04.%f | [32mINFO[0m | NetEaseMusic.system  | setup_logging       :142  | 98659 | 134430427639936 | Pythonç‰ˆæœ¬: 3.12.3 (main, Nov  6 2025, 13:44:16) [GCC 13.3.0]
2025-11-27 13:59:04.%f | [32mINFO[0m | NetEaseMusic.system  | setup_logging       :143  | 98659 | 134430427639936 | å·¥ä½œç›®å½•: /home/afro/heavenly_kingdom/do_for_fun/NetEase_Cloud_Music_Web
2025-11-27 13:59:04.%f | [32mINFO[0m | NetEaseMusic.main    | main                :150  | 98659 | 134430427639936 | æ—¥å¿—ç³»ç»Ÿåˆå§‹åŒ–æˆåŠŸ
2025-11-27 13:59:04.%f | [32mINFO[0m | NetEaseMusic.main    | main                :162  | 98659 | 134430427639936 | åˆ›å»ºQApplicationå®ä¾‹
2025-11-27 13:59:04.%f | [32mINFO[0m | NetEaseMusic.main    | main                :170  | 98659 | 134430427639936 | æ­£åœ¨åˆ›å»ºä¸»çª—å£...
2025-11-27 13:59:04.%f | [32mINFO[0m | NetEaseMusic.window  | __init__            :25   | 98659 | 134430427639936 | æ­£åœ¨åˆå§‹åŒ–ä¸»çª—å£...
2025-11-27 13:59:04.%f | [32mINFO[0m | NetEaseMusic.login   | log_login_data_operation:184  | 98659 | 134430427639936 | ç™»å½•æ•°æ®æ“ä½œæˆåŠŸ: create_directory
2025-11-27 13:59:04.%f | [32mINFO[0m | NetEaseMusic.login   | log_login_data_operation:184  | 98659 | 134430427639936 | ç™»å½•æ•°æ®æ“ä½œæˆåŠŸ: set_persistent_storage
2025-11-27 13:59:04.%f | [32mINFO[0m | NetEaseMusic.window  | init_ui             :71   | 98659 | 134430427639936 | ç™»å½•æ•°æ®å­˜å‚¨è·¯å¾„: /home/afro/heavenly_kingdom/do_for_fun/NetEase_Cloud_Music_Web/login_data
2025-11-27 13:59:04.%f | [32mINFO[0m | NetEaseMusic.webview | log_webview_event   :200  | 98659 | 134430427639936 | WebViewäº‹ä»¶: load_url
2025-11-27 13:59:04.%f | [32mINFO[0m | NetEaseMusic.window  | __init__            :30   | 98659 | 134430427639936 | ä¸»çª—å£åˆå§‹åŒ–å®Œæˆ
2025-11-27 13:59:04.%f | [32mINFO[0m | NetEaseMusic.main    | main                :175  | 98659 | 134430427639936 | ä¸»çª—å£æ˜¾ç¤ºå®Œæˆ
2025-11-27 13:59:04.%f | [32mINFO[0m | NetEaseMusic.performance | log_startup_performance:175  | 98659 | 134430427639936 | åº”ç”¨å¯åŠ¨è€—æ—¶: 0.255ç§’
2025-11-27 13:59:04.%f | [32mINFO[0m | NetEaseMusic.main    | main                :181  | 98659 | 134430427639936 | å¼€å§‹è¿è¡Œåº”ç”¨ä¸»å¾ªç¯
2025-11-27 13:59:04.%f | [32mINFO[0m | NetEaseMusic.window  | on_load_started     :114  | 98659 | 134430427639936 | é¡µé¢å¼€å§‹åŠ è½½: https://music.163.com/st/webplayer
2025-11-27 13:59:04.%f | [32mINFO[0m | NetEaseMusic.webview | log_webview_event   :200  | 98659 | 134430427639936 | WebViewäº‹ä»¶: load_started
2025-11-27 13:59:06.%f | [32mINFO[0m | NetEaseMusic.window  | on_load_finished    :121  | 98659 | 134430427639936 | é¡µé¢åŠ è½½æˆåŠŸ: https://music.163.com/st/webplayer
2025-11-27 13:59:06.%f | [32mINFO[0m | NetEaseMusic.webview | log_webview_event   :200  | 98659 | 134430427639936 | WebViewäº‹ä»¶: load_finished
2025-11-27 13:59:06.%f | [32mINFO[0m | NetEaseMusic.window  | on_load_started     :114  | 98659 | 134430427639936 | é¡µé¢å¼€å§‹åŠ è½½: https://music.163.com/st/webplayer
2025-11-27 13:59:06.%f | [32mINFO[0m | NetEaseMusic.webview | log_webview_event   :200  | 98659 | 134430427639936 | WebViewäº‹ä»¶: load_started
2025-11-27 13:59:10.%f | [32mINFO[0m | NetEaseMusic.window  | on_load_finished    :121  | 98659 | 134430427639936 | é¡µé¢åŠ è½½æˆåŠŸ: https://music.163.com/#/login?targetUrl=https%3A%2F%2Fmusic.163.com%2Fst%2Fwebplayer
2025-11-27 13:59:10.%f | [32mINFO[0m | NetEaseMusic.webview | log_webview_event   :200  | 98659 | 134430427639936 | WebViewäº‹ä»¶: load_finished
2025-11-27 13:59:11.%f | [32mINFO[0m | NetEaseMusic.window  | closeEvent          :135  | 98154 | 131135082098816 | æ­£åœ¨å…³é—­åº”ç”¨çª—å£...
2025-11-27 13:59:11.%f | [32mINFO[0m | NetEaseMusic.webview | log_webview_event   :200  | 98154 | 131135082098816 | WebViewäº‹ä»¶: window_close
2025-11-27 13:59:11.%f | [32mINFO[0m | startup              | cleanup_on_exit     :63   | 98154 | 131135082098816 | æ­£åœ¨æ¸…ç†å¯åŠ¨è„šæœ¬èµ„æº...
2025-11-27 13:59:20.%f | [32mINFO[0m | NetEaseMusic.window  | on_load_started     :114  | 98659 | 134430427639936 | é¡µé¢å¼€å§‹åŠ è½½: https://music.163.com/#/login?targetUrl=https%3A%2F%2Fmusic.163.com%2Fst%2Fwebplayer
2025-11-27 13:59:20.%f | [32mINFO[0m | NetEaseMusic.webview | log_webview_event   :200  | 98659 | 134430427639936 | WebViewäº‹ä»¶: load_started
2025-11-27 13:59:20.%f | [32mINFO[0m | NetEaseMusic.window  | on_load_finished    :121  | 98659 | 134430427639936 | é¡µé¢åŠ è½½æˆåŠŸ: https://music.163.com/st/webplayer
2025-11-27 13:59:20.%f | [32mINFO[0m | NetEaseMusic.webview | log_webview_event   :200  | 98659 | 134430427639936 | WebViewäº‹ä»¶: load_finished
2025-11-27 13:59:35.%f | [32mINFO[0m | NetEaseMusic.window  | closeEvent          :135  | 98659 | 134430427639936 | æ­£åœ¨å…³é—­åº”ç”¨çª—å£...
2025-11-27 13:59:35.%f | [32mINFO[0m | NetEaseMusic.webview | log_webview_event   :200  | 98659 | 134430427639936 | WebViewäº‹ä»¶: window_close
2025-11-27 13:59:35.%f | [32mINFO[0m | startup              | cleanup_on_exit     :63   | 98659 | 134430427639936 | æ­£åœ¨æ¸…ç†å¯åŠ¨è„šæœ¬èµ„æº...
2025-11-27 14:00:56.%f | [32mINFO[0m | NetEaseMusic.system  | setup_logging       :139  | 99168 | 124749158453376 | === ç½‘æ˜“äº‘éŸ³ä¹æ¡Œé¢ç‰ˆå¯åŠ¨ ===
2025-11-27 14:00:56.%f | [32mINFO[0m | NetEaseMusic.system  | setup_logging       :140  | 99168 | 124749158453376 | æ—¥å¿—ç³»ç»Ÿåˆå§‹åŒ–å®Œæˆï¼Œçº§åˆ«: INFO
2025-11-27 14:00:56.%f | [32mINFO[0m | NetEaseMusic.system  | setup_logging       :141  | 99168 | 124749158453376 | æ—¥å¿—ç›®å½•: /home/afro/heavenly_kingdom/do_for_fun/NetEase_Cloud_Music_Web/logs
2025-11-27 14:00:56.%f | [32mINFO[0m | NetEaseMusic.system  | setup_logging       :142  | 99168 | 124749158453376 | Pythonç‰ˆæœ¬: 3.12.3 (main, Nov  6 2025, 13:44:16) [GCC 13.3.0]
2025-11-27 14:00:56.%f | [32mINFO[0m | NetEaseMusic.system  | setup_logging       :143  | 99168 | 124749158453376 | å·¥ä½œç›®å½•: /home/afro/heavenly_kingdom/do_for_fun/NetEase_Cloud_Music_Web
2025-11-27 14:00:56.%f | [32mINFO[0m | NetEaseMusic.main    | main                :200  | 99168 | 124749158453376 | æ—¥å¿—ç³»ç»Ÿåˆå§‹åŒ–æˆåŠŸ
2025-11-27 14:00:56.%f | [32mINFO[0m | NetEaseMusic.main    | main                :212  | 99168 | 124749158453376 | åˆ›å»ºQApplicationå®ä¾‹
2025-11-27 14:00:56.%f | [32mINFO[0m | NetEaseMusic.main    | main                :220  | 99168 | 124749158453376 | æ­£åœ¨åˆ›å»ºä¸»çª—å£...
2025-11-27 14:00:56.%f | [32mINFO[0m | NetEaseMusic.window  | __init__            :25   | 99168 | 124749158453376 | æ­£åœ¨åˆå§‹åŒ–ä¸»çª—å£...
2025-11-27 14:00:56.%f | [32mINFO[0m | NetEaseMusic.login   | log_login_data_operation:184  | 99168 | 124749158453376 | ç™»å½•æ•°æ®æ“ä½œæˆåŠŸ: create_directory
2025-11-27 14:00:56.%f | [32mINFO[0m | NetEaseMusic.login   | log_login_data_operation:184  | 99168 | 124749158453376 | ç™»å½•æ•°æ®æ“ä½œæˆåŠŸ: set_persistent_storage
2025-11-27 14:00:56.%f | [32mINFO[0m | NetEaseMusic.window  | init_ui             :71   | 99168 | 124749158453376 | ç™»å½•æ•°æ®å­˜å‚¨è·¯å¾„: /home/afro/heavenly_kingdom/do_for_fun/NetEase_Cloud_Music_Web/login_data
2025-11-27 14:00:56.%f | [32mINFO[0m | NetEaseMusic.webview | log_webview_event   :200  | 99168 | 124749158453376 | WebViewäº‹ä»¶: load_url
2025-11-27 14:00:56.%f | [32mINFO[0m | NetEaseMusic.window  | __init__            :30   | 99168 | 124749158453376 | ä¸»çª—å£åˆå§‹åŒ–å®Œæˆ
2025-11-27 14:00:56.%f | [32mINFO[0m | NetEaseMusic.main    | main                :225  | 99168 | 124749158453376 | ä¸»çª—å£æ˜¾ç¤ºå®Œæˆ
2025-11-27 14:00:56.%f | [32mINFO[0m | NetEaseMusic.performance | log_startup_performance:175  | 99168 | 124749158453376 | åº”ç”¨å¯åŠ¨è€—æ—¶: 0.246ç§’
2025-11-27 14:00:56.%f | [32mINFO[0m | NetEaseMusic.main    | main                :231  | 99168 | 124749158453376 | å¼€å§‹è¿è¡Œåº”ç”¨ä¸»å¾ªç¯
2025-11-27 14:00:56.%f | [32mINFO[0m | NetEaseMusic.window  | on_load_started     :149  | 99168 | 124749158453376 | é¡µé¢å¼€å§‹åŠ è½½: https://music.163.com/st/webplayer
2025-11-27 14:00:56.%f | [32mINFO[0m | NetEaseMusic.webview | log_webview_event   :200  | 99168 | 124749158453376 | WebViewäº‹ä»¶: load_started
2025-11-27 14:00:58.%f | [32mINFO[0m | NetEaseMusic.window  | on_load_finished    :161  | 99168 | 124749158453376 | é¡µé¢åŠ è½½æˆåŠŸ: https://music.163.com/st/webplayer
2025-11-27 14:00:58.%f | [32mINFO[0m | NetEaseMusic.webview | log_webview_event   :200  | 99168 | 124749158453376 | WebViewäº‹ä»¶: load_finished
2025-11-27 14:00:58.%f | [32mINFO[0m | NetEaseMusic.window  | on_load_finished    :166  | 99168 | 124749158453376 | å¯èƒ½ç™»å½•æˆåŠŸï¼Œè·³è½¬åˆ°: https://music.163.com/st/webplayer
2025-11-27 14:00:58.%f | [32mINFO[0m | NetEaseMusic.webview | log_webview_event   :200  | 99168 | 124749158453376 | WebViewäº‹ä»¶: possible_login_success
2025-11-27 14:00:58.%f | [32mINFO[0m | NetEaseMusic.window  | on_load_started     :149  | 99168 | 124749158453376 | é¡µé¢å¼€å§‹åŠ è½½: https://music.163.com/st/webplayer
2025-11-27 14:00:58.%f | [32mINFO[0m | NetEaseMusic.webview | log_webview_event   :200  | 99168 | 124749158453376 | WebViewäº‹ä»¶: load_started
2025-11-27 14:01:02.%f | [32mINFO[0m | NetEaseMusic.window  | on_load_finished    :161  | 99168 | 124749158453376 | é¡µé¢åŠ è½½æˆåŠŸ: https://music.163.com/#/login?targetUrl=https%3A%2F%2Fmusic.163.com%2Fst%2Fwebplayer
2025-11-27 14:01:02.%f | [32mINFO[0m | NetEaseMusic.webview | log_webview_event   :200  | 99168 | 124749158453376 | WebViewäº‹ä»¶: load_finished
2025-11-27 14:01:12.%f | [32mINFO[0m | NetEaseMusic.window  | on_load_started     :149  | 99168 | 124749158453376 | é¡µé¢å¼€å§‹åŠ è½½: https://music.163.com/#/login?targetUrl=https%3A%2F%2Fmusic.163.com%2Fst%2Fwebplayer
2025-11-27 14:01:12.%f | [32mINFO[0m | NetEaseMusic.webview | log_webview_event   :200  | 99168 | 124749158453376 | WebViewäº‹ä»¶: load_started
2025-11-27 14:01:12.%f | [32mINFO[0m | NetEaseMusic.window  | on_load_started     :154  | 99168 | 124749158453376 | æ£€æµ‹åˆ°ç™»å½•é¡µé¢: https://music.163.com/#/login?targetUrl=https%3A%2F%2Fmusic.163.com%2Fst%2Fwebplayer
2025-11-27 14:01:12.%f | [32mINFO[0m | NetEaseMusic.webview | log_webview_event   :200  | 99168 | 124749158453376 | WebViewäº‹ä»¶: login_page_detected
2025-11-27 14:01:13.%f | [32mINFO[0m | NetEaseMusic.window  | on_load_finished    :161  | 99168 | 124749158453376 | é¡µé¢åŠ è½½æˆåŠŸ: https://music.163.com/st/webplayer
2025-11-27 14:01:13.%f | [32mINFO[0m | NetEaseMusic.webview | log_webview_event   :200  | 99168 | 124749158453376 | WebViewäº‹ä»¶: load_finished
2025-11-27 14:01:13.%f | [32mINFO[0m | NetEaseMusic.window  | on_load_finished    :166  | 99168 | 124749158453376 | å¯èƒ½ç™»å½•æˆåŠŸï¼Œè·³è½¬åˆ°: https://music.163.com/st/webplayer
2025-11-27 14:01:13.%f | [32mINFO[0m | NetEaseMusic.webview | log_webview_event   :200  | 99168 | 124749158453376 | WebViewäº‹ä»¶: possible_login_success
2025-11-27 14:01:24.%f | [32mINFO[0m | NetEaseMusic.window  | closeEvent          :180  | 99168 | 124749158453376 | æ­£åœ¨å…³é—­åº”ç”¨çª—å£...
2025-11-27 14:01:24.%f | [32mINFO[0m | NetEaseMusic.webview | log_webview_event   :200  | 99168 | 124749158453376 | WebViewäº‹ä»¶: window_close
2025-11-27 14:01:24.%f | [32mINFO[0m | startup              | cleanup_on_exit     :63   | 99168 | 124749158453376 | æ­£åœ¨æ¸…ç†å¯åŠ¨è„šæœ¬èµ„æº...
