13:58:01 | [32mINFO[0m | WebView事件: load_url
13:58:01 | [32mINFO[0m | WebView事件: load_started
13:58:03 | [32mINFO[0m | WebView事件: load_finished
13:58:03 | [32mINFO[0m | WebView事件: load_started
13:58:07 | [32mINFO[0m | 页面加载成功: https://music.163.com/#/login?targetUrl=https%3A%2F%2Fmusic.163.com%2Fst%2Fwebplayer
13:58:07 | [32mINFO[0m | WebView事件: load_finished
13:58:17 | [32mINFO[0m | 页面开始加载: https://music.163.com/#/login?targetUrl=https%3A%2F%2Fmusic.163.com%2Fst%2Fwebplayer
13:58:17 | [32mINFO[0m | WebView事件: load_started
13:58:18 | [32mINFO[0m | WebView事件: load_finished
13:59:04 | [32mINFO[0m | WebView事件: load_url
13:59:04 | [32mINFO[0m | WebView事件: load_started
13:59:06 | [32mINFO[0m | WebView事件: load_finished
13:59:06 | [32mINFO[0m | WebView事件: load_started
13:59:10 | [32mINFO[0m | 页面加载成功: https://music.163.com/#/login?targetUrl=https%3A%2F%2Fmusic.163.com%2Fst%2Fwebplayer
13:59:10 | [32mINFO[0m | WebView事件: load_finished
13:59:11 | [32mINFO[0m | WebView事件: window_close
13:59:20 | [32mINFO[0m | 页面开始加载: https://music.163.com/#/login?targetUrl=https%3A%2F%2Fmusic.163.com%2Fst%2Fwebplayer
13:59:20 | [32mINFO[0m | WebView事件: load_started
13:59:20 | [32mINFO[0m | WebView事件: load_finished
13:59:35 | [32mINFO[0m | WebView事件: window_close
14:00:56 | [32mINFO[0m | WebView事件: load_url
14:00:56 | [32mINFO[0m | WebView事件: load_started
14:00:58 | [32mINFO[0m | WebView事件: load_finished
14:00:58 | [32mINFO[0m | WebView事件: possible_login_success
14:00:58 | [32mINFO[0m | WebView事件: load_started
14:01:02 | [32mINFO[0m | 页面加载成功: https://music.163.com/#/login?targetUrl=https%3A%2F%2Fmusic.163.com%2Fst%2Fwebplayer
14:01:02 | [32mINFO[0m | WebView事件: load_finished
14:01:12 | [32mINFO[0m | 页面开始加载: https://music.163.com/#/login?targetUrl=https%3A%2F%2Fmusic.163.com%2Fst%2Fwebplayer
14:01:12 | [32mINFO[0m | WebView事件: load_started
14:01:12 | [32mINFO[0m | 检测到登录页面: https://music.163.com/#/login?targetUrl=https%3A%2F%2Fmusic.163.com%2Fst%2Fwebplayer
14:01:12 | [32mINFO[0m | WebView事件: login_page_detected
14:01:13 | [32mINFO[0m | WebView事件: load_finished
14:01:13 | [32mINFO[0m | WebView事件: possible_login_success
14:01:24 | [32mINFO[0m | WebView事件: window_close
